#
# There is insufficient memory for the Java Runtime Environment to continue.
# Native memory allocation (malloc) failed to allocate 32744 bytes. Error detail: ChunkPool::allocate
# Possible reasons:
#   The system is out of physical RAM or swap space
#   This process is running with CompressedOops enabled, and the Java Heap may be blocking the growth of the native heap
# Possible solutions:
#   Reduce memory load on the system
#   Increase physical memory or swap space
#   Check if swap backing store is full
#   Decrease Java heap size (-Xmx/-Xms)
#   Decrease number of Java threads
#   Decrease Java thread stack sizes (-Xss)
#   Set larger code cache with -XX:ReservedCodeCacheSize=
#   JVM is running with Unscaled Compressed Oops mode in which the Java heap is
#     placed in the first 4GB address space. The Java Heap base address is the
#     maximum limit for the native heap growth. Please use -XX:HeapBaseMinAddress
#     to set the Java Heap base and to place the Java Heap above 4GB virtual address.
# This output file may be truncated or incomplete.
#
#  Out of Memory Error (arena.cpp:79), pid=9380, tid=920
#
# JRE version: OpenJDK Runtime Environment Temurin-17.0.12+7 (17.0.12+7) (build 17.0.12+7)
# Java VM: OpenJDK 64-Bit Server VM Temurin-17.0.12+7 (17.0.12+7, mixed mode, tiered, compressed oops, compressed class ptrs, parallel gc, windows-amd64)
# No core dump will be written. Minidumps are not enabled by default on client versions of Windows
#

---------------  S U M M A R Y ------------

Command Line: --add-modules=ALL-SYSTEM --add-opens=java.base/java.util=ALL-UNNAMED --add-opens=java.base/java.lang=ALL-UNNAMED --add-opens=java.base/sun.nio.fs=ALL-UNNAMED -Declipse.application=org.eclipse.jdt.ls.core.id1 -Dosgi.bundles.defaultStartLevel=4 -Declipse.product=org.eclipse.jdt.ls.core.product -Djava.import.generatesMetadataFilesAtProjectRoot=false -DDetectVMInstallationsJob.disabled=true -Dfile.encoding=utf8 -XX:+UseParallelGC -XX:GCTimeRatio=4 -XX:AdaptiveSizePolicyWeight=90 -Dsun.zip.disableMemoryMapping=true -Xmx1G -Xms100m -Xlog:disable -javaagent:c:\Users\sonis\.vscode\extensions\redhat.java-1.35.1-win32-x64\lombok\lombok-1.18.33.jar c:\Users\sonis\.vscode\extensions\redhat.java-1.35.1-win32-x64\server\plugins\org.eclipse.equinox.launcher_1.6.900.v20240613-2009.jar -configuration c:\Users\sonis\AppData\Roaming\Code\User\globalStorage\redhat.java\1.35.1\config_ss_win -data c:\Users\sonis\AppData\Roaming\Code\User\workspaceStorage\4146088892da85ecb69cca26ea4ace0a\redhat.java\ss_ws --pipe=\\.\pipe\lsp-2847aec05eff719aa3a6e625bc112494-sock

Host: AMD Ryzen 5 4600H with Radeon Graphics         , 12 cores, 7G,  Windows 10 , 64 bit Build 19041 (10.0.19041.4957)
Time: Fri Oct 25 20:10:42 2024 India Standard Time elapsed time: 1.856889 seconds (0d 0h 0m 1s)

---------------  T H R E A D  ---------------

Current thread (0x000002612919d040):  JavaThread "C2 CompilerThread0" daemon [_thread_in_native, id=920, stack(0x000000e6d8500000,0x000000e6d8600000)]


Current CompileTask:
C2:   1856 2533       4       lombok.patcher.PatchScript$MethodPatcher::visitMethod (158 bytes)

Stack: [0x000000e6d8500000,0x000000e6d8600000]
Native frames: (J=compiled Java code, j=interpreted, Vv=VM code, C=native code)
V  [jvm.dll+0x67f929]
V  [jvm.dll+0x8371ba]
V  [jvm.dll+0x838c7e]
V  [jvm.dll+0x8392e3]
V  [jvm.dll+0x24834f]
V  [jvm.dll+0xacbd1]
V  [jvm.dll+0xad01c]
V  [jvm.dll+0x1ac30a]
V  [jvm.dll+0x343234]
V  [jvm.dll+0x34bcf2]
V  [jvm.dll+0x68d28e]
V  [jvm.dll+0x1a8b1c]
V  [jvm.dll+0x2aeb84]
V  [jvm.dll+0x697dd5]
V  [jvm.dll+0x68fd8b]
V  [jvm.dll+0x68f3c7]
V  [jvm.dll+0x68d2b2]
V  [jvm.dll+0x1a8b1c]
V  [jvm.dll+0x1a96b6]
V  [jvm.dll+0x2aeb84]
V  [jvm.dll+0x697dd5]
V  [jvm.dll+0x68fd8b]
V  [jvm.dll+0x68f3c7]
V  [jvm.dll+0x68d2b2]
V  [jvm.dll+0x1a8b1c]
V  [jvm.dll+0x2aeb84]
V  [jvm.dll+0x697dd5]
V  [jvm.dll+0x68fd8b]
V  [jvm.dll+0x68f3c7]
V  [jvm.dll+0x68d2b2]
V  [jvm.dll+0x1a8b1c]
V  [jvm.dll+0x2aeb84]
V  [jvm.dll+0x697dd5]
V  [jvm.dll+0x68fd8b]
V  [jvm.dll+0x68f3c7]
V  [jvm.dll+0x68d2b2]
V  [jvm.dll+0x1a8b1c]
V  [jvm.dll+0x1a96b6]
V  [jvm.dll+0x1a96b6]
V  [jvm.dll+0x2aeb84]
V  [jvm.dll+0x697dd5]
V  [jvm.dll+0x68fd8b]
V  [jvm.dll+0x68f3c7]
V  [jvm.dll+0x68d2b2]
V  [jvm.dll+0x1a8b1c]
V  [jvm.dll+0x2aeb84]
V  [jvm.dll+0x697dd5]
V  [jvm.dll+0x68fd8b]
V  [jvm.dll+0x68f3c7]
V  [jvm.dll+0x68d2b2]
V  [jvm.dll+0x1a8b1c]
V  [jvm.dll+0x2198a8]
V  [jvm.dll+0x1a58bd]
V  [jvm.dll+0x229a2d]
V  [jvm.dll+0x227bdc]
V  [jvm.dll+0x7ec1f7]
V  [jvm.dll+0x7e65dc]
V  [jvm.dll+0x67e7f7]
C  [ucrtbase.dll+0x21bb2]
C  [KERNEL32.DLL+0x17374]
C  [ntdll.dll+0x4cc91]


---------------  P R O C E S S  ---------------

Threads class SMR info:
_java_thread_list=0x000002612b420260, length=22, elements={
0x000002610e03bf00, 0x0000026129176140, 0x0000026129177e00, 0x0000026123e3a9d0,
0x0000026123e3b850, 0x0000026129196170, 0x00000261291972d0, 0x000002612919d040,
0x000002612919e890, 0x000002612919f980, 0x0000026129271ef0, 0x00000261292ca000,
0x00000261294fe850, 0x000002612b082090, 0x000002612ae03e80, 0x000002612ae04360,
0x000002612b07d140, 0x000002612b08ea10, 0x000002612b19dac0, 0x000002612b19d5b0,
0x000002612b19f410, 0x000002612b19dfd0
}

Java Threads: ( => current thread )
  0x000002610e03bf00 JavaThread "main" [_thread_blocked, id=6972, stack(0x000000e6d7c00000,0x000000e6d7d00000)]
  0x0000026129176140 JavaThread "Reference Handler" daemon [_thread_blocked, id=10272, stack(0x000000e6d7f00000,0x000000e6d8000000)]
  0x0000026129177e00 JavaThread "Finalizer" daemon [_thread_blocked, id=13040, stack(0x000000e6d8000000,0x000000e6d8100000)]
  0x0000026123e3a9d0 JavaThread "Signal Dispatcher" daemon [_thread_blocked, id=13740, stack(0x000000e6d8100000,0x000000e6d8200000)]
  0x0000026123e3b850 JavaThread "Attach Listener" daemon [_thread_blocked, id=3344, stack(0x000000e6d8200000,0x000000e6d8300000)]
  0x0000026129196170 JavaThread "Service Thread" daemon [_thread_blocked, id=12968, stack(0x000000e6d8300000,0x000000e6d8400000)]
  0x00000261291972d0 JavaThread "Monitor Deflation Thread" daemon [_thread_blocked, id=12980, stack(0x000000e6d8400000,0x000000e6d8500000)]
=>0x000002612919d040 JavaThread "C2 CompilerThread0" daemon [_thread_in_native, id=920, stack(0x000000e6d8500000,0x000000e6d8600000)]
  0x000002612919e890 JavaThread "C1 CompilerThread0" daemon [_thread_blocked, id=1324, stack(0x000000e6d8600000,0x000000e6d8700000)]
  0x000002612919f980 JavaThread "Sweeper thread" daemon [_thread_blocked, id=8616, stack(0x000000e6d8700000,0x000000e6d8800000)]
  0x0000026129271ef0 JavaThread "Common-Cleaner" daemon [_thread_blocked, id=13492, stack(0x000000e6d8800000,0x000000e6d8900000)]
  0x00000261292ca000 JavaThread "C2 CompilerThread1" daemon [_thread_in_native, id=13848, stack(0x000000e6d8900000,0x000000e6d8a00000)]
  0x00000261294fe850 JavaThread "Notification Thread" daemon [_thread_blocked, id=5412, stack(0x000000e6d8a00000,0x000000e6d8b00000)]
  0x000002612b082090 JavaThread "Active Thread: Equinox Container: c6af82f0-67c5-47b1-bd2a-22a5e450fb02" [_thread_blocked, id=284, stack(0x000000e6d9200000,0x000000e6d9300000)]
  0x000002612ae03e80 JavaThread "Framework Event Dispatcher: Equinox Container: c6af82f0-67c5-47b1-bd2a-22a5e450fb02" daemon [_thread_blocked, id=1664, stack(0x000000e6d9300000,0x000000e6d9400000)]
  0x000002612ae04360 JavaThread "Start Level: Equinox Container: c6af82f0-67c5-47b1-bd2a-22a5e450fb02" daemon [_thread_in_vm, id=7800, stack(0x000000e6d9400000,0x000000e6d9500000)]
  0x000002612b07d140 JavaThread "SCR Component Actor" daemon [_thread_blocked, id=6992, stack(0x000000e6d9500000,0x000000e6d9600000)]
  0x000002612b08ea10 JavaThread "SCR Component Registry" daemon [_thread_blocked, id=5844, stack(0x000000e6d9700000,0x000000e6d9800000)]
  0x000002612b19dac0 JavaThread "Worker-JM" [_thread_blocked, id=868, stack(0x000000e6d9800000,0x000000e6d9900000)]
  0x000002612b19d5b0 JavaThread "JNA Cleaner" daemon [_thread_blocked, id=8632, stack(0x000000e6d9b00000,0x000000e6d9c00000)]
  0x000002612b19f410 JavaThread "Worker-0: Refreshing workspace" [_thread_in_Java, id=13776, stack(0x000000e6d9c00000,0x000000e6d9d00000)]
  0x000002612b19dfd0 JavaThread "Worker-1" [_thread_blocked, id=6616, stack(0x000000e6d9d00000,0x000000e6d9e00000)]

Other Threads:
  0x00000261291620a0 VMThread "VM Thread" [stack: 0x000000e6d7e00000,0x000000e6d7f00000] [id=5280]
  0x00000261294fed30 WatcherThread [stack: 0x000000e6d8b00000,0x000000e6d8c00000] [id=8816]
  0x000002610e0502e0 GCTaskThread "GC Thread#0" [stack: 0x000000e6d7d00000,0x000000e6d7e00000] [id=812]
  0x000002612a8db410 GCTaskThread "GC Thread#1" [stack: 0x000000e6d8c00000,0x000000e6d8d00000] [id=9308]
  0x000002612acd3460 GCTaskThread "GC Thread#2" [stack: 0x000000e6d8d00000,0x000000e6d8e00000] [id=9768]
  0x000002612acd3720 GCTaskThread "GC Thread#3" [stack: 0x000000e6d8e00000,0x000000e6d8f00000] [id=3332]
  0x000002612acd39e0 GCTaskThread "GC Thread#4" [stack: 0x000000e6d8f00000,0x000000e6d9000000] [id=5636]
  0x000002612ac7d8a0 GCTaskThread "GC Thread#5" [stack: 0x000000e6d9000000,0x000000e6d9100000] [id=11252]
  0x000002612ac7db60 GCTaskThread "GC Thread#6" [stack: 0x000000e6d9100000,0x000000e6d9200000] [id=11216]
  0x000002612b0dced0 GCTaskThread "GC Thread#7" [stack: 0x000000e6d9600000,0x000000e6d9700000] [id=10984]
  0x000002612b21e270 GCTaskThread "GC Thread#8" [stack: 0x000000e6d9900000,0x000000e6d9a00000] [id=2640]
  0x000002612b1f6c90 GCTaskThread "GC Thread#9" [stack: 0x000000e6d9a00000,0x000000e6d9b00000] [id=11800]

Threads with active compile tasks:
C2 CompilerThread0     1886 2533       4       lombok.patcher.PatchScript$MethodPatcher::visitMethod (158 bytes)
C2 CompilerThread1     1886 2515       4       org.lombokweb.asm.ClassReader::readMethod (1070 bytes)

VM state: not at safepoint (normal execution)

VM Mutex/Monitor currently owned by a thread: None

Heap address: 0x00000000c0000000, size: 1024 MB, Compressed Oops mode: 32-bit

CDS archive(s) not mapped
Compressed class space mapped at: 0x0000000100000000-0x0000000140000000, reserved size: 1073741824
Narrow klass base: 0x0000000000000000, Narrow klass shift: 3, Narrow klass range: 0x140000000

GC Precious Log:
 CPUs: 12 total, 12 available
 Memory: 7549M
 Large Page Support: Disabled
 NUMA Support: Disabled
 Compressed Oops: Enabled (32-bit)
 Alignments: Space 512K, Generation 512K, Heap 2M
 Heap Min Capacity: 100M
 Heap Initial Capacity: 100M
 Heap Max Capacity: 1G
 Pre-touch: Disabled
 Parallel Workers: 10

Heap:
 PSYoungGen      total 26624K, used 2600K [0x00000000eab00000, 0x00000000ec980000, 0x0000000100000000)
  eden space 24576K, 3% used [0x00000000eab00000,0x00000000eabe3800,0x00000000ec300000)
  from space 2048K, 82% used [0x00000000ec780000,0x00000000ec926948,0x00000000ec980000)
  to   space 2560K, 0% used [0x00000000ec480000,0x00000000ec480000,0x00000000ec700000)
 ParOldGen       total 68608K, used 7115K [0x00000000c0000000, 0x00000000c4300000, 0x00000000eab00000)
  object space 68608K, 10% used [0x00000000c0000000,0x00000000c06f2d28,0x00000000c4300000)
 Metaspace       used 28356K, committed 28928K, reserved 1114112K
  class space    used 2780K, committed 3008K, reserved 1048576K

Card table byte_map: [0x00000261216b0000,0x00000261218c0000] _byte_map_base: 0x00000261210b0000

Marking Bits: (ParMarkBitMap*) 0x00007ff8131358b0
 Begin Bits: [0x0000026121a20000, 0x0000026122a20000)
 End Bits:   [0x0000026122a20000, 0x0000026123a20000)

Polling page: 0x000002610e100000

Metaspace:

Usage:
  Non-class:     24.98 MB used.
      Class:      2.72 MB used.
       Both:     27.69 MB used.

Virtual space:
  Non-class space:       64.00 MB reserved,      25.31 MB ( 40%) committed,  1 nodes.
      Class space:        1.00 GB reserved,       2.94 MB ( <1%) committed,  1 nodes.
             Both:        1.06 GB reserved,      28.25 MB (  3%) committed. 

Chunk freelists:
   Non-Class:  6.72 MB
       Class:  13.09 MB
        Both:  19.81 MB

MaxMetaspaceSize: unlimited
CompressedClassSpaceSize: 1.00 GB
Initial GC threshold: 21.00 MB
Current GC threshold: 35.00 MB
CDS: off
MetaspaceReclaimPolicy: balanced
 - commit_granule_bytes: 65536.
 - commit_granule_words: 8192.
 - virtual_space_node_default_size: 8388608.
 - enlarge_chunks_in_place: 1.
 - new_chunks_are_fully_committed: 0.
 - uncommit_free_chunks: 1.
 - use_allocation_guard: 0.
 - handle_deallocations: 1.


Internal statistics:

num_allocs_failed_limit: 3.
num_arena_births: 304.
num_arena_deaths: 14.
num_vsnodes_births: 2.
num_vsnodes_deaths: 0.
num_space_committed: 452.
num_space_uncommitted: 0.
num_chunks_returned_to_freelist: 17.
num_chunks_taken_from_freelist: 1065.
num_chunk_merges: 6.
num_chunk_splits: 695.
num_chunks_enlarged: 495.
num_inconsistent_stats: 0.

CodeHeap 'non-profiled nmethods': size=120000Kb used=1010Kb max_used=1010Kb free=118989Kb
 bounds [0x0000026119fa0000, 0x000002611a210000, 0x00000261214d0000]
CodeHeap 'profiled nmethods': size=120000Kb used=4976Kb max_used=4976Kb free=115023Kb
 bounds [0x00000261124d0000, 0x00000261129b0000, 0x0000026119a00000]
CodeHeap 'non-nmethods': size=5760Kb used=1237Kb max_used=1250Kb free=4522Kb
 bounds [0x0000026119a00000, 0x0000026119c70000, 0x0000026119fa0000]
 total_blobs=3130 nmethods=2579 adapters=465
 compilation: enabled
              stopped_count=0, restarted_count=0
 full_count=0

Compilation events (20 events):
Event: 1.848 Thread 0x000002612919d040 2530       4       lombok.patcher.MethodTarget::matches (29 bytes)
Event: 1.849 Thread 0x000002612919e890 nmethod 2529 0x0000026112996f10 code [0x00000261129974a0, 0x0000026112999da8]
Event: 1.849 Thread 0x000002612919e890 2531       3       org.lombokweb.asm.MethodWriter::visitMethodInsn (191 bytes)
Event: 1.849 Thread 0x000002612919d040 nmethod 2530 0x000002611a09a090 code [0x000002611a09a220, 0x000002611a09a458]
Event: 1.850 Thread 0x000002612919d040 2533       4       lombok.patcher.PatchScript$MethodPatcher::visitMethod (158 bytes)
Event: 1.850 Thread 0x000002612919e890 nmethod 2531 0x000002611299af10 code [0x000002611299b140, 0x000002611299b948]
Event: 1.850 Thread 0x000002612919e890 2532       3       org.lombokweb.asm.SymbolTable::addConstantMethodref (24 bytes)
Event: 1.850 Thread 0x000002612919e890 nmethod 2532 0x000002611299bc90 code [0x000002611299be40, 0x000002611299bfe8]
Event: 1.851 Thread 0x000002612919e890 2534       3       java.util.regex.Matcher::matches (10 bytes)
Event: 1.851 Thread 0x000002612919e890 nmethod 2534 0x000002611299c090 code [0x000002611299c220, 0x000002611299c368]
Event: 1.851 Thread 0x000002612919e890 2535       3       java.util.regex.Pattern$Slice::match (79 bytes)
Event: 1.851 Thread 0x000002612919e890 nmethod 2535 0x000002611299c410 code [0x000002611299c5e0, 0x000002611299ca78]
Event: 1.851 Thread 0x000002612919e890 2537       3       org.lombokweb.asm.ByteVector::putByteArray (49 bytes)
Event: 1.852 Thread 0x000002612919e890 nmethod 2537 0x000002611299cc10 code [0x000002611299cdc0, 0x000002611299d098]
Event: 1.852 Thread 0x000002612919e890 2538       1       org.eclipse.core.internal.dtree.DataTreeNode::hasData (2 bytes)
Event: 1.852 Thread 0x000002612919e890 nmethod 2538 0x000002611a09a610 code [0x000002611a09a7a0, 0x000002611a09a878]
Event: 1.852 Thread 0x000002612919e890 2539       1       org.eclipse.core.internal.dtree.DataTreeNode::getData (5 bytes)
Event: 1.852 Thread 0x000002612919e890 nmethod 2539 0x000002611a09a910 code [0x000002611a09aaa0, 0x000002611a09ab78]
Event: 1.852 Thread 0x000002612919e890 2540       3       org.eclipse.core.internal.dtree.AbstractDataTreeNode::childAtOrNull (21 bytes)
Event: 1.853 Thread 0x000002612919e890 nmethod 2540 0x000002611299d190 code [0x000002611299d340, 0x000002611299d5a8]

GC Heap History (12 events):
Event: 0.513 GC heap before
{Heap before GC invocations=1 (full 0):
 PSYoungGen      total 29696K, used 25600K [0x00000000eab00000, 0x00000000ecc00000, 0x0000000100000000)
  eden space 25600K, 100% used [0x00000000eab00000,0x00000000ec400000,0x00000000ec400000)
  from space 4096K, 0% used [0x00000000ec800000,0x00000000ec800000,0x00000000ecc00000)
  to   space 4096K, 0% used [0x00000000ec400000,0x00000000ec400000,0x00000000ec800000)
 ParOldGen       total 68608K, used 0K [0x00000000c0000000, 0x00000000c4300000, 0x00000000eab00000)
  object space 68608K, 0% used [0x00000000c0000000,0x00000000c0000000,0x00000000c4300000)
 Metaspace       used 10940K, committed 11072K, reserved 1114112K
  class space    used 1088K, committed 1152K, reserved 1048576K
}
Event: 0.517 GC heap after
{Heap after GC invocations=1 (full 0):
 PSYoungGen      total 29696K, used 3124K [0x00000000eab00000, 0x00000000ecc00000, 0x0000000100000000)
  eden space 25600K, 0% used [0x00000000eab00000,0x00000000eab00000,0x00000000ec400000)
  from space 4096K, 76% used [0x00000000ec400000,0x00000000ec70d330,0x00000000ec800000)
  to   space 4096K, 0% used [0x00000000ec800000,0x00000000ec800000,0x00000000ecc00000)
 ParOldGen       total 68608K, used 16K [0x00000000c0000000, 0x00000000c4300000, 0x00000000eab00000)
  object space 68608K, 0% used [0x00000000c0000000,0x00000000c0004000,0x00000000c4300000)
 Metaspace       used 10940K, committed 11072K, reserved 1114112K
  class space    used 1088K, committed 1152K, reserved 1048576K
}
Event: 0.921 GC heap before
{Heap before GC invocations=2 (full 0):
 PSYoungGen      total 29696K, used 28724K [0x00000000eab00000, 0x00000000ecc00000, 0x0000000100000000)
  eden space 25600K, 100% used [0x00000000eab00000,0x00000000ec400000,0x00000000ec400000)
  from space 4096K, 76% used [0x00000000ec400000,0x00000000ec70d330,0x00000000ec800000)
  to   space 4096K, 0% used [0x00000000ec800000,0x00000000ec800000,0x00000000ecc00000)
 ParOldGen       total 68608K, used 16K [0x00000000c0000000, 0x00000000c4300000, 0x00000000eab00000)
  object space 68608K, 0% used [0x00000000c0000000,0x00000000c0004000,0x00000000c4300000)
 Metaspace       used 14643K, committed 14848K, reserved 1114112K
  class space    used 1477K, committed 1536K, reserved 1048576K
}
Event: 0.925 GC heap after
{Heap after GC invocations=2 (full 0):
 PSYoungGen      total 29696K, used 4090K [0x00000000eab00000, 0x00000000ecc00000, 0x0000000100000000)
  eden space 25600K, 0% used [0x00000000eab00000,0x00000000eab00000,0x00000000ec400000)
  from space 4096K, 99% used [0x00000000ec800000,0x00000000ecbfeb20,0x00000000ecc00000)
  to   space 4096K, 0% used [0x00000000ec400000,0x00000000ec400000,0x00000000ec800000)
 ParOldGen       total 68608K, used 772K [0x00000000c0000000, 0x00000000c4300000, 0x00000000eab00000)
  object space 68608K, 1% used [0x00000000c0000000,0x00000000c00c1090,0x00000000c4300000)
 Metaspace       used 14643K, committed 14848K, reserved 1114112K
  class space    used 1477K, committed 1536K, reserved 1048576K
}
Event: 1.250 GC heap before
{Heap before GC invocations=3 (full 0):
 PSYoungGen      total 29696K, used 29657K [0x00000000eab00000, 0x00000000ecc00000, 0x0000000100000000)
  eden space 25600K, 99% used [0x00000000eab00000,0x00000000ec3f7a28,0x00000000ec400000)
  from space 4096K, 99% used [0x00000000ec800000,0x00000000ecbfeb20,0x00000000ecc00000)
  to   space 4096K, 0% used [0x00000000ec400000,0x00000000ec400000,0x00000000ec800000)
 ParOldGen       total 68608K, used 772K [0x00000000c0000000, 0x00000000c4300000, 0x00000000eab00000)
  object space 68608K, 1% used [0x00000000c0000000,0x00000000c00c1090,0x00000000c4300000)
 Metaspace       used 19552K, committed 19968K, reserved 1114112K
  class space    used 1998K, committed 2176K, reserved 1048576K
}
Event: 1.255 GC heap after
{Heap after GC invocations=3 (full 0):
 PSYoungGen      total 29696K, used 4073K [0x00000000eab00000, 0x00000000ecc00000, 0x0000000100000000)
  eden space 25600K, 0% used [0x00000000eab00000,0x00000000eab00000,0x00000000ec400000)
  from space 4096K, 99% used [0x00000000ec400000,0x00000000ec7fa768,0x00000000ec800000)
  to   space 4096K, 0% used [0x00000000ec800000,0x00000000ec800000,0x00000000ecc00000)
 ParOldGen       total 68608K, used 2554K [0x00000000c0000000, 0x00000000c4300000, 0x00000000eab00000)
  object space 68608K, 3% used [0x00000000c0000000,0x00000000c027ea98,0x00000000c4300000)
 Metaspace       used 19552K, committed 19968K, reserved 1114112K
  class space    used 1998K, committed 2176K, reserved 1048576K
}
Event: 1.379 GC heap before
{Heap before GC invocations=4 (full 0):
 PSYoungGen      total 29696K, used 12215K [0x00000000eab00000, 0x00000000ecc00000, 0x0000000100000000)
  eden space 25600K, 31% used [0x00000000eab00000,0x00000000eb2f3620,0x00000000ec400000)
  from space 4096K, 99% used [0x00000000ec400000,0x00000000ec7fa768,0x00000000ec800000)
  to   space 4096K, 0% used [0x00000000ec800000,0x00000000ec800000,0x00000000ecc00000)
 ParOldGen       total 68608K, used 2554K [0x00000000c0000000, 0x00000000c4300000, 0x00000000eab00000)
  object space 68608K, 3% used [0x00000000c0000000,0x00000000c027ea98,0x00000000c4300000)
 Metaspace       used 21077K, committed 21504K, reserved 1114112K
  class space    used 2144K, committed 2304K, reserved 1048576K
}
Event: 1.382 GC heap after
{Heap after GC invocations=4 (full 0):
 PSYoungGen      total 29696K, used 4078K [0x00000000eab00000, 0x00000000ecc00000, 0x0000000100000000)
  eden space 25600K, 0% used [0x00000000eab00000,0x00000000eab00000,0x00000000ec400000)
  from space 4096K, 99% used [0x00000000ec800000,0x00000000ecbfbab0,0x00000000ecc00000)
  to   space 4096K, 0% used [0x00000000ec400000,0x00000000ec400000,0x00000000ec800000)
 ParOldGen       total 68608K, used 3186K [0x00000000c0000000, 0x00000000c4300000, 0x00000000eab00000)
  object space 68608K, 4% used [0x00000000c0000000,0x00000000c031caf8,0x00000000c4300000)
 Metaspace       used 21077K, committed 21504K, reserved 1114112K
  class space    used 2144K, committed 2304K, reserved 1048576K
}
Event: 1.382 GC heap before
{Heap before GC invocations=5 (full 1):
 PSYoungGen      total 29696K, used 4078K [0x00000000eab00000, 0x00000000ecc00000, 0x0000000100000000)
  eden space 25600K, 0% used [0x00000000eab00000,0x00000000eab00000,0x00000000ec400000)
  from space 4096K, 99% used [0x00000000ec800000,0x00000000ecbfbab0,0x00000000ecc00000)
  to   space 4096K, 0% used [0x00000000ec400000,0x00000000ec400000,0x00000000ec800000)
 ParOldGen       total 68608K, used 3186K [0x00000000c0000000, 0x00000000c4300000, 0x00000000eab00000)
  object space 68608K, 4% used [0x00000000c0000000,0x00000000c031caf8,0x00000000c4300000)
 Metaspace       used 21077K, committed 21504K, reserved 1114112K
  class space    used 2144K, committed 2304K, reserved 1048576K
}
Event: 1.396 GC heap after
{Heap after GC invocations=5 (full 1):
 PSYoungGen      total 29696K, used 0K [0x00000000eab00000, 0x00000000ecc00000, 0x0000000100000000)
  eden space 25600K, 0% used [0x00000000eab00000,0x00000000eab00000,0x00000000ec400000)
  from space 4096K, 0% used [0x00000000ec800000,0x00000000ec800000,0x00000000ecc00000)
  to   space 4096K, 0% used [0x00000000ec400000,0x00000000ec400000,0x00000000ec800000)
 ParOldGen       total 68608K, used 7099K [0x00000000c0000000, 0x00000000c4300000, 0x00000000eab00000)
  object space 68608K, 10% used [0x00000000c0000000,0x00000000c06eed28,0x00000000c4300000)
 Metaspace       used 21064K, committed 21504K, reserved 1114112K
  class space    used 2141K, committed 2304K, reserved 1048576K
}
Event: 1.694 GC heap before
{Heap before GC invocations=6 (full 1):
 PSYoungGen      total 29696K, used 25435K [0x00000000eab00000, 0x00000000ecc00000, 0x0000000100000000)
  eden space 25600K, 99% used [0x00000000eab00000,0x00000000ec3d6d38,0x00000000ec400000)
  from space 4096K, 0% used [0x00000000ec800000,0x00000000ec800000,0x00000000ecc00000)
  to   space 4096K, 0% used [0x00000000ec400000,0x00000000ec400000,0x00000000ec800000)
 ParOldGen       total 68608K, used 7099K [0x00000000c0000000, 0x00000000c4300000, 0x00000000eab00000)
  object space 68608K, 10% used [0x00000000c0000000,0x00000000c06eed28,0x00000000c4300000)
 Metaspace       used 24317K, committed 24896K, reserved 1114112K
  class space    used 2470K, committed 2688K, reserved 1048576K
}
Event: 1.696 GC heap after
{Heap after GC invocations=6 (full 1):
 PSYoungGen      total 28160K, used 2863K [0x00000000eab00000, 0x00000000ecb80000, 0x0000000100000000)
  eden space 25088K, 0% used [0x00000000eab00000,0x00000000eab00000,0x00000000ec380000)
  from space 3072K, 93% used [0x00000000ec400000,0x00000000ec6cbc70,0x00000000ec700000)
  to   space 4096K, 0% used [0x00000000ec780000,0x00000000ec780000,0x00000000ecb80000)
 ParOldGen       total 68608K, used 7107K [0x00000000c0000000, 0x00000000c4300000, 0x00000000eab00000)
  object space 68608K, 10% used [0x00000000c0000000,0x00000000c06f0d28,0x00000000c4300000)
 Metaspace       used 24317K, committed 24896K, reserved 1114112K
  class space    used 2470K, committed 2688K, reserved 1048576K
}

Dll operation events (10 events):
Event: 0.023 Loaded shared library c:\Users\sonis\.vscode\extensions\redhat.java-1.35.1-win32-x64\jre\17.0.12-win32-x86_64\bin\java.dll
Event: 0.117 Loaded shared library c:\Users\sonis\.vscode\extensions\redhat.java-1.35.1-win32-x64\jre\17.0.12-win32-x86_64\bin\zip.dll
Event: 0.119 Loaded shared library C:\Users\sonis\.vscode\extensions\redhat.java-1.35.1-win32-x64\jre\17.0.12-win32-x86_64\bin\instrument.dll
Event: 0.127 Loaded shared library C:\Users\sonis\.vscode\extensions\redhat.java-1.35.1-win32-x64\jre\17.0.12-win32-x86_64\bin\net.dll
Event: 0.129 Loaded shared library C:\Users\sonis\.vscode\extensions\redhat.java-1.35.1-win32-x64\jre\17.0.12-win32-x86_64\bin\nio.dll
Event: 0.133 Loaded shared library C:\Users\sonis\.vscode\extensions\redhat.java-1.35.1-win32-x64\jre\17.0.12-win32-x86_64\bin\zip.dll
Event: 0.144 Loaded shared library C:\Users\sonis\.vscode\extensions\redhat.java-1.35.1-win32-x64\jre\17.0.12-win32-x86_64\bin\jimage.dll
Event: 0.185 Loaded shared library c:\Users\sonis\.vscode\extensions\redhat.java-1.35.1-win32-x64\jre\17.0.12-win32-x86_64\bin\verify.dll
Event: 0.857 Loaded shared library C:\Users\sonis\AppData\Roaming\Code\User\globalStorage\redhat.java\1.35.1\config_ss_win\org.eclipse.equinox.launcher\org.eclipse.equinox.launcher.win32.win32.x86_64_1.2.1100.v20240722-2106\eclipse_11904.dll
Event: 1.524 Loaded shared library C:\Users\sonis\AppData\Local\Temp\jna-109620796\jna7105306538525058407.dll

Deoptimization events (20 events):
Event: 1.420 Thread 0x000002612ae04360 Uncommon trap: trap_request=0xffffff45 fr.pc=0x0000026119fd3c20 relative=0x00000000000006a0
Event: 1.420 Thread 0x000002612ae04360 Uncommon trap: reason=unstable_if action=reinterpret pc=0x0000026119fd3c20 method=java.lang.String.replace(Ljava/lang/CharSequence;Ljava/lang/CharSequence;)Ljava/lang/String; @ 42 c2
Event: 1.420 Thread 0x000002612ae04360 DEOPT PACKING pc=0x0000026119fd3c20 sp=0x000000e6d94f7330
Event: 1.420 Thread 0x000002612ae04360 DEOPT UNPACKING pc=0x0000026119a566a3 sp=0x000000e6d94f72c0 mode 2
Event: 1.578 Thread 0x000002612ae04360 Uncommon trap: trap_request=0xffffff45 fr.pc=0x0000026119fcb548 relative=0x0000000000000048
Event: 1.578 Thread 0x000002612ae04360 Uncommon trap: reason=unstable_if action=reinterpret pc=0x0000026119fcb548 method=java.lang.CharacterData.of(I)Ljava/lang/CharacterData; @ 4 c2
Event: 1.578 Thread 0x000002612ae04360 DEOPT PACKING pc=0x0000026119fcb548 sp=0x000000e6d94f88a0
Event: 1.578 Thread 0x000002612ae04360 DEOPT UNPACKING pc=0x0000026119a566a3 sp=0x000000e6d94f8838 mode 2
Event: 1.672 Thread 0x000002612ae04360 Uncommon trap: trap_request=0xffffff45 fr.pc=0x000002611a08ca30 relative=0x0000000000000770
Event: 1.672 Thread 0x000002612ae04360 Uncommon trap: reason=unstable_if action=reinterpret pc=0x000002611a08ca30 method=org.lombokweb.asm.ClassReader.readUTF8(I[C)Ljava/lang/String; @ 11 c2
Event: 1.672 Thread 0x000002612ae04360 DEOPT PACKING pc=0x000002611a08ca30 sp=0x000000e6d94ef2f0
Event: 1.672 Thread 0x000002612ae04360 DEOPT UNPACKING pc=0x0000026119a566a3 sp=0x000000e6d94ef2d8 mode 2
Event: 1.821 Thread 0x000002612ae04360 Uncommon trap: trap_request=0xffffff45 fr.pc=0x000002611a096aa8 relative=0x0000000000000128
Event: 1.821 Thread 0x000002612ae04360 Uncommon trap: reason=unstable_if action=reinterpret pc=0x000002611a096aa8 method=org.lombokweb.asm.ByteVector.putByteArray([BII)Lorg/lombokweb/asm/ByteVector; @ 20 c2
Event: 1.821 Thread 0x000002612ae04360 DEOPT PACKING pc=0x000002611a096aa8 sp=0x000000e6d94f25d0
Event: 1.821 Thread 0x000002612ae04360 DEOPT UNPACKING pc=0x0000026119a566a3 sp=0x000000e6d94f25a0 mode 2
Event: 1.821 Thread 0x000002612ae04360 Uncommon trap: trap_request=0xffffff45 fr.pc=0x000002611a0977b0 relative=0x0000000000000310
Event: 1.821 Thread 0x000002612ae04360 Uncommon trap: reason=unstable_if action=reinterpret pc=0x000002611a0977b0 method=org.lombokweb.asm.Label.resolve([BLorg/lombokweb/asm/ByteVector;I)Z @ 81 c2
Event: 1.821 Thread 0x000002612ae04360 DEOPT PACKING pc=0x000002611a0977b0 sp=0x000000e6d94f2650
Event: 1.821 Thread 0x000002612ae04360 DEOPT UNPACKING pc=0x0000026119a566a3 sp=0x000000e6d94f2558 mode 2

Classes loaded (20 events):
Event: 1.652 Loading class java/net/UnknownHostException
Event: 1.652 Loading class java/net/UnknownHostException done
Event: 1.652 Loading class java/net/ProtocolException
Event: 1.652 Loading class java/net/ProtocolException done
Event: 1.664 Loading class java/lang/ThreadLocal$SuppliedThreadLocal
Event: 1.664 Loading class java/lang/ThreadLocal$SuppliedThreadLocal done
Event: 1.708 Loading class java/io/FileWriter
Event: 1.708 Loading class java/io/FileWriter done
Event: 1.709 Loading class java/lang/NegativeArraySizeException
Event: 1.709 Loading class java/lang/NegativeArraySizeException done
Event: 1.710 Loading class java/lang/invoke/MethodHandle$1
Event: 1.710 Loading class java/lang/invoke/MethodHandle$1 done
Event: 1.852 Loading class java/util/AbstractList$RandomAccessSubList
Event: 1.852 Loading class java/util/AbstractList$SubList
Event: 1.852 Loading class java/util/AbstractList$SubList done
Event: 1.852 Loading class java/util/AbstractList$RandomAccessSubList done
Event: 1.852 Loading class java/util/AbstractList$SubList$1
Event: 1.852 Loading class java/util/AbstractList$SubList$1 done
Event: 1.852 Loading class java/util/AbstractList$ListItr
Event: 1.852 Loading class java/util/AbstractList$ListItr done

Classes unloaded (7 events):
Event: 1.384 Thread 0x00000261291620a0 Unloading class 0x000000010021e400 'java/lang/invoke/LambdaForm$MH+0x000000010021e400'
Event: 1.384 Thread 0x00000261291620a0 Unloading class 0x000000010021e000 'java/lang/invoke/LambdaForm$MH+0x000000010021e000'
Event: 1.385 Thread 0x00000261291620a0 Unloading class 0x000000010021dc00 'java/lang/invoke/LambdaForm$MH+0x000000010021dc00'
Event: 1.385 Thread 0x00000261291620a0 Unloading class 0x000000010021d800 'java/lang/invoke/LambdaForm$MH+0x000000010021d800'
Event: 1.385 Thread 0x00000261291620a0 Unloading class 0x000000010021d400 'java/lang/invoke/LambdaForm$BMH+0x000000010021d400'
Event: 1.385 Thread 0x00000261291620a0 Unloading class 0x000000010021d000 'java/lang/invoke/LambdaForm$DMH+0x000000010021d000'
Event: 1.385 Thread 0x00000261291620a0 Unloading class 0x0000000100218400 'java/lang/invoke/LambdaForm$DMH+0x0000000100218400'

Classes redefined (0 events):
No events

Internal exceptions (20 events):
Event: 1.264 Thread 0x000002612ae04360 Exception <a 'java/io/FileNotFoundException'{0x00000000eab84780}> (0x00000000eab84780) 
thrown [s\src\hotspot\share\prims\jni.cpp, line 516]
Event: 1.365 Thread 0x000002612ae04360 Exception <a 'java/lang/NoSuchMethodError'{0x00000000eb22f3b8}: 'java.lang.Object java.lang.invoke.DirectMethodHandle$Holder.invokeStaticInit(java.lang.Object, int)'> (0x00000000eb22f3b8) 
thrown [s\src\hotspot\share\interpreter\linkResolver.cpp, line 759]
Event: 1.422 Thread 0x000002612ae04360 Exception <a 'java/lang/NoSuchMethodError'{0x00000000eada1450}: 'java.lang.Object java.lang.invoke.DirectMethodHandle$Holder.invokeStaticInit(java.lang.Object, int, int, int, int)'> (0x00000000eada1450) 
thrown [s\src\hotspot\share\interpreter\linkResolver.cpp, line 759]
Event: 1.466 Thread 0x000002612ae04360 Exception <a 'java/lang/NoSuchMethodError'{0x00000000eaeb7ba8}: 'java.lang.Object java.lang.invoke.DirectMethodHandle$Holder.invokeStaticInit(java.lang.Object, java.lang.Object, int, int, int, int)'> (0x00000000eaeb7ba8) 
thrown [s\src\hotspot\share\interpreter\linkResolver.cpp, line 759]
Event: 1.564 Thread 0x000002612ae04360 Exception <a 'java/lang/NoSuchMethodError'{0x00000000eb1c48f8}: 'java.lang.Object java.lang.invoke.DirectMethodHandle$Holder.invokeSpecial(java.lang.Object, java.lang.Object, java.lang.Object, long, java.lang.Object)'> (0x00000000eb1c48f8) 
thrown [s\src\hotspot\share\interpreter\linkResolver.cpp, line 759]
Event: 1.564 Thread 0x000002612ae04360 Exception <a 'java/lang/NoSuchMethodError'{0x00000000eb1ccab0}: 'java.lang.Object java.lang.invoke.DirectMethodHandle$Holder.newInvokeSpecial(java.lang.Object, java.lang.Object, java.lang.Object, long)'> (0x00000000eb1ccab0) 
thrown [s\src\hotspot\share\interpreter\linkResolver.cpp, line 759]
Event: 1.564 Thread 0x000002612ae04360 Exception <a 'java/lang/NoSuchMethodError'{0x00000000eb1d1050}: 'java.lang.Object java.lang.invoke.DirectMethodHandle$Holder.invokeSpecial(java.lang.Object, java.lang.Object, java.lang.Object, java.lang.Object, long)'> (0x00000000eb1d1050) 
thrown [s\src\hotspot\share\interpreter\linkResolver.cpp, line 759]
Event: 1.564 Thread 0x000002612ae04360 Exception <a 'java/lang/NoSuchMethodError'{0x00000000eb1d4ec8}: 'java.lang.Object java.lang.invoke.Invokers$Holder.linkToTargetMethod(java.lang.Object, java.lang.Object, long, java.lang.Object)'> (0x00000000eb1d4ec8) 
thrown [s\src\hotspot\share\interpreter\linkResolver.cpp, line 759]
Event: 1.569 Thread 0x000002612ae04360 Exception <a 'java/lang/NoSuchMethodError'{0x00000000eb249ee8}: 'int java.lang.invoke.DirectMethodHandle$Holder.invokeStaticInit(java.lang.Object, java.lang.Object, java.lang.Object)'> (0x00000000eb249ee8) 
thrown [s\src\hotspot\share\interpreter\linkResolver.cpp, line 759]
Event: 1.588 Thread 0x000002612ae04360 Exception <a 'java/lang/IncompatibleClassChangeError'{0x00000000eb3ab4d8}: Found class java.lang.Object, but interface was expected> (0x00000000eb3ab4d8) 
thrown [s\src\hotspot\share\interpreter\linkResolver.cpp, line 826]
Event: 1.593 Thread 0x000002612ae04360 Exception <a 'java/lang/NoSuchMethodError'{0x00000000eb3be890}: 'java.lang.Object java.lang.invoke.DirectMethodHandle$Holder.invokeSpecial(java.lang.Object, java.lang.Object, java.lang.Object, int, java.lang.Object, java.lang.Object)'> (0x00000000eb3be890) 
thrown [s\src\hotspot\share\interpreter\linkResolver.cpp, line 759]
Event: 1.594 Thread 0x000002612ae04360 Exception <a 'java/lang/NoSuchMethodError'{0x00000000eb3c7098}: 'java.lang.Object java.lang.invoke.DirectMethodHandle$Holder.newInvokeSpecial(java.lang.Object, java.lang.Object, java.lang.Object, int, java.lang.Object)'> (0x00000000eb3c7098) 
thrown [s\src\hotspot\share\interpreter\linkResolver.cpp, line 759]
Event: 1.594 Thread 0x000002612ae04360 Exception <a 'java/lang/NoSuchMethodError'{0x00000000eb3cb4f0}: 'java.lang.Object java.lang.invoke.DirectMethodHandle$Holder.invokeSpecial(java.lang.Object, java.lang.Object, java.lang.Object, java.lang.Object, int, java.lang.Object)'> (0x00000000eb3cb4f0) 
thrown [s\src\hotspot\share\interpreter\linkResolver.cpp, line 759]
Event: 1.594 Thread 0x000002612b19f410 Exception <a 'java/lang/NoSuchMethodError'{0x00000000eb223d90}: 'java.lang.Object java.lang.invoke.DirectMethodHandle$Holder.invokeSpecial(java.lang.Object, java.lang.Object, int, java.lang.Object, java.lang.Object)'> (0x00000000eb223d90) 
thrown [s\src\hotspot\share\interpreter\linkResolver.cpp, line 759]
Event: 1.595 Thread 0x000002612b19f410 Exception <a 'java/lang/NoSuchMethodError'{0x00000000eb22b460}: 'java.lang.Object java.lang.invoke.DirectMethodHandle$Holder.newInvokeSpecial(java.lang.Object, java.lang.Object, int, java.lang.Object)'> (0x00000000eb22b460) 
thrown [s\src\hotspot\share\interpreter\linkResolver.cpp, line 759]
Event: 1.595 Thread 0x000002612b19f410 Exception <a 'java/lang/NoSuchMethodError'{0x00000000eb22ef70}: 'java.lang.Object java.lang.invoke.DirectMethodHandle$Holder.invokeSpecial(java.lang.Object, java.lang.Object, java.lang.Object, int, java.lang.Object)'> (0x00000000eb22ef70) 
thrown [s\src\hotspot\share\interpreter\linkResolver.cpp, line 759]
Event: 1.611 Thread 0x000002612b19f410 Exception <a 'java/lang/NoSuchMethodError'{0x00000000eb563ee0}: 'java.lang.Object java.lang.invoke.DirectMethodHandle$Holder.newInvokeSpecial(java.lang.Object, java.lang.Object, java.lang.Object, java.lang.Object, java.lang.Object)'> (0x00000000eb563ee0) 
thrown [s\src\hotspot\share\interpreter\linkResolver.cpp, line 759]
Event: 1.628 Thread 0x000002612ae04360 Exception <a 'java/lang/NoSuchMethodError'{0x00000000eb787540}: 'double java.lang.invoke.DirectMethodHandle$Holder.invokeStatic(java.lang.Object, java.lang.Object)'> (0x00000000eb787540) 
thrown [s\src\hotspot\share\interpreter\linkResolver.cpp, line 759]
Event: 1.629 Thread 0x000002612ae04360 Exception <a 'java/lang/NoSuchMethodError'{0x00000000eb78ae58}: 'double java.lang.invoke.DirectMethodHandle$Holder.invokeStaticInit(java.lang.Object, java.lang.Object)'> (0x00000000eb78ae58) 
thrown [s\src\hotspot\share\interpreter\linkResolver.cpp, line 759]
Event: 1.821 Thread 0x000002612ae04360 Implicit null exception at 0x000002611a0969c8 to 0x000002611a096a88

VM Operations (20 events):
Event: 0.921 Executing VM operation: ParallelGCFailedAllocation
Event: 0.925 Executing VM operation: ParallelGCFailedAllocation done
Event: 1.134 Executing VM operation: HandshakeAllThreads
Event: 1.134 Executing VM operation: HandshakeAllThreads done
Event: 1.209 Executing VM operation: HandshakeAllThreads
Event: 1.209 Executing VM operation: HandshakeAllThreads done
Event: 1.250 Executing VM operation: ParallelGCFailedAllocation
Event: 1.255 Executing VM operation: ParallelGCFailedAllocation done
Event: 1.312 Executing VM operation: HandshakeAllThreads
Event: 1.312 Executing VM operation: HandshakeAllThreads done
Event: 1.379 Executing VM operation: CollectForMetadataAllocation
Event: 1.396 Executing VM operation: CollectForMetadataAllocation done
Event: 1.430 Executing VM operation: HandshakeAllThreads
Event: 1.430 Executing VM operation: HandshakeAllThreads done
Event: 1.529 Executing VM operation: HandshakeAllThreads
Event: 1.529 Executing VM operation: HandshakeAllThreads done
Event: 1.579 Executing VM operation: HandshakeAllThreads
Event: 1.579 Executing VM operation: HandshakeAllThreads done
Event: 1.694 Executing VM operation: ParallelGCFailedAllocation
Event: 1.696 Executing VM operation: ParallelGCFailedAllocation done

Events (20 events):
Event: 0.050 Thread 0x0000026129177e00 Thread added: 0x0000026129177e00
Event: 0.064 Thread 0x0000026123e3a9d0 Thread added: 0x0000026123e3a9d0
Event: 0.064 Thread 0x0000026123e3b850 Thread added: 0x0000026123e3b850
Event: 0.065 Thread 0x0000026129196170 Thread added: 0x0000026129196170
Event: 0.065 Thread 0x00000261291972d0 Thread added: 0x00000261291972d0
Event: 0.065 Thread 0x000002612919d040 Thread added: 0x000002612919d040
Event: 0.065 Thread 0x000002612919e890 Thread added: 0x000002612919e890
Event: 0.065 Thread 0x000002612919f980 Thread added: 0x000002612919f980
Event: 0.095 Thread 0x0000026129271ef0 Thread added: 0x0000026129271ef0
Event: 0.111 Thread 0x00000261292ca000 Thread added: 0x00000261292ca000
Event: 0.245 Thread 0x00000261294fe850 Thread added: 0x00000261294fe850
Event: 0.699 Thread 0x000002612b082090 Thread added: 0x000002612b082090
Event: 0.851 Thread 0x000002612ae03e80 Thread added: 0x000002612ae03e80
Event: 0.855 Thread 0x000002612ae04360 Thread added: 0x000002612ae04360
Event: 0.879 Thread 0x000002612b07d140 Thread added: 0x000002612b07d140
Event: 0.975 Thread 0x000002612b08ea10 Thread added: 0x000002612b08ea10
Event: 1.158 Thread 0x000002612b19dac0 Thread added: 0x000002612b19dac0
Event: 1.538 Thread 0x000002612b19d5b0 Thread added: 0x000002612b19d5b0
Event: 1.566 Thread 0x000002612b19f410 Thread added: 0x000002612b19f410
Event: 1.594 Thread 0x000002612b19dfd0 Thread added: 0x000002612b19dfd0


Dynamic libraries:
0x00007ff700100000 - 0x00007ff70010e000 	c:\Users\sonis\.vscode\extensions\redhat.java-1.35.1-win32-x64\jre\17.0.12-win32-x86_64\bin\java.exe
0x00007ff85bf70000 - 0x00007ff85c168000 	C:\WINDOWS\SYSTEM32\ntdll.dll
0x00007ff85b580000 - 0x00007ff85b642000 	C:\WINDOWS\System32\KERNEL32.DLL
0x00007ff859760000 - 0x00007ff859a5e000 	C:\WINDOWS\System32\KERNELBASE.dll
0x00007ff859660000 - 0x00007ff859760000 	C:\WINDOWS\System32\ucrtbase.dll
0x00007ff851b90000 - 0x00007ff851bab000 	c:\Users\sonis\.vscode\extensions\redhat.java-1.35.1-win32-x64\jre\17.0.12-win32-x86_64\bin\VCRUNTIME140.dll
0x00007ff855ee0000 - 0x00007ff855ef7000 	c:\Users\sonis\.vscode\extensions\redhat.java-1.35.1-win32-x64\jre\17.0.12-win32-x86_64\bin\jli.dll
0x00007ff85b120000 - 0x00007ff85b2bd000 	C:\WINDOWS\System32\USER32.dll
0x00007ff843480000 - 0x00007ff84371a000 	C:\WINDOWS\WinSxS\amd64_microsoft.windows.common-controls_6595b64144ccf1df_6.0.19041.4355_none_60b8b9eb71f62e16\COMCTL32.dll
0x00007ff859e00000 - 0x00007ff859e22000 	C:\WINDOWS\System32\win32u.dll
0x00007ff85b710000 - 0x00007ff85b7ae000 	C:\WINDOWS\System32\msvcrt.dll
0x00007ff85a970000 - 0x00007ff85a99b000 	C:\WINDOWS\System32\GDI32.dll
0x00007ff859a60000 - 0x00007ff859b77000 	C:\WINDOWS\System32\gdi32full.dll
0x00007ff859b80000 - 0x00007ff859c1d000 	C:\WINDOWS\System32\msvcp_win.dll
0x00007ff85b3a0000 - 0x00007ff85b3cf000 	C:\WINDOWS\System32\IMM32.DLL
0x00007ff856070000 - 0x00007ff85607c000 	c:\Users\sonis\.vscode\extensions\redhat.java-1.35.1-win32-x64\jre\17.0.12-win32-x86_64\bin\vcruntime140_1.dll
0x00007ff8284c0000 - 0x00007ff82854d000 	c:\Users\sonis\.vscode\extensions\redhat.java-1.35.1-win32-x64\jre\17.0.12-win32-x86_64\bin\msvcp140.dll
0x00007ff812590000 - 0x00007ff8131fa000 	c:\Users\sonis\.vscode\extensions\redhat.java-1.35.1-win32-x64\jre\17.0.12-win32-x86_64\bin\server\jvm.dll
0x00007ff85aa00000 - 0x00007ff85aab2000 	C:\WINDOWS\System32\ADVAPI32.dll
0x00007ff85b080000 - 0x00007ff85b120000 	C:\WINDOWS\System32\sechost.dll
0x00007ff85af50000 - 0x00007ff85b073000 	C:\WINDOWS\System32\RPCRT4.dll
0x00007ff859c20000 - 0x00007ff859c47000 	C:\WINDOWS\System32\bcrypt.dll
0x00007ff85ae80000 - 0x00007ff85aeeb000 	C:\WINDOWS\System32\WS2_32.dll
0x00007ff858b50000 - 0x00007ff858b9b000 	C:\WINDOWS\SYSTEM32\POWRPROF.dll
0x00007ff84fef0000 - 0x00007ff84ff17000 	C:\WINDOWS\SYSTEM32\WINMM.dll
0x00007ff852090000 - 0x00007ff85209a000 	C:\WINDOWS\SYSTEM32\VERSION.dll
0x00007ff858a10000 - 0x00007ff858a22000 	C:\WINDOWS\SYSTEM32\UMPDC.dll
0x00007ff857e20000 - 0x00007ff857e32000 	C:\WINDOWS\SYSTEM32\kernel.appcore.dll
0x00007ff856040000 - 0x00007ff85604a000 	c:\Users\sonis\.vscode\extensions\redhat.java-1.35.1-win32-x64\jre\17.0.12-win32-x86_64\bin\jimage.dll
0x00007ff857c10000 - 0x00007ff857df4000 	C:\WINDOWS\SYSTEM32\DBGHELP.DLL
0x00007ff83dcd0000 - 0x00007ff83dd04000 	C:\WINDOWS\SYSTEM32\dbgcore.DLL
0x00007ff859cc0000 - 0x00007ff859d42000 	C:\WINDOWS\System32\bcryptPrimitives.dll
0x00007ff856030000 - 0x00007ff85603e000 	c:\Users\sonis\.vscode\extensions\redhat.java-1.35.1-win32-x64\jre\17.0.12-win32-x86_64\bin\instrument.dll
0x00007ff8370a0000 - 0x00007ff8370c5000 	c:\Users\sonis\.vscode\extensions\redhat.java-1.35.1-win32-x64\jre\17.0.12-win32-x86_64\bin\java.dll
0x00007ff83d210000 - 0x00007ff83d228000 	c:\Users\sonis\.vscode\extensions\redhat.java-1.35.1-win32-x64\jre\17.0.12-win32-x86_64\bin\zip.dll
0x00007ff85b7b0000 - 0x00007ff85bf1f000 	C:\WINDOWS\System32\SHELL32.dll
0x00007ff857460000 - 0x00007ff857c04000 	C:\WINDOWS\SYSTEM32\windows.storage.dll
0x00007ff85aac0000 - 0x00007ff85ae13000 	C:\WINDOWS\System32\combase.dll
0x00007ff859040000 - 0x00007ff85906e000 	C:\WINDOWS\SYSTEM32\Wldp.dll
0x00007ff85b2d0000 - 0x00007ff85b39d000 	C:\WINDOWS\System32\OLEAUT32.dll
0x00007ff85a200000 - 0x00007ff85a2ad000 	C:\WINDOWS\System32\SHCORE.dll
0x00007ff85a1a0000 - 0x00007ff85a1f5000 	C:\WINDOWS\System32\shlwapi.dll
0x00007ff859540000 - 0x00007ff859564000 	C:\WINDOWS\SYSTEM32\profapi.dll
0x00007ff835690000 - 0x00007ff8356a9000 	C:\Users\sonis\.vscode\extensions\redhat.java-1.35.1-win32-x64\jre\17.0.12-win32-x86_64\bin\net.dll
0x00007ff8523c0000 - 0x00007ff8524cd000 	C:\WINDOWS\SYSTEM32\WINHTTP.dll
0x00007ff858da0000 - 0x00007ff858e0a000 	C:\WINDOWS\system32\mswsock.dll
0x00007ff831b00000 - 0x00007ff831b16000 	C:\Users\sonis\.vscode\extensions\redhat.java-1.35.1-win32-x64\jre\17.0.12-win32-x86_64\bin\nio.dll
0x00007ff8526c0000 - 0x00007ff8526d0000 	c:\Users\sonis\.vscode\extensions\redhat.java-1.35.1-win32-x64\jre\17.0.12-win32-x86_64\bin\verify.dll
0x00007ff8490e0000 - 0x00007ff849125000 	C:\Users\sonis\AppData\Roaming\Code\User\globalStorage\redhat.java\1.35.1\config_ss_win\org.eclipse.equinox.launcher\org.eclipse.equinox.launcher.win32.win32.x86_64_1.2.1100.v20240722-2106\eclipse_11904.dll
0x00007ff85a720000 - 0x00007ff85a84b000 	C:\WINDOWS\System32\ole32.dll
0x00007ff858f90000 - 0x00007ff858fa8000 	C:\WINDOWS\SYSTEM32\CRYPTSP.dll
0x00007ff858650000 - 0x00007ff858684000 	C:\WINDOWS\system32\rsaenh.dll
0x00007ff8594c0000 - 0x00007ff8594ee000 	C:\WINDOWS\SYSTEM32\USERENV.dll
0x00007ff858fb0000 - 0x00007ff858fbc000 	C:\WINDOWS\SYSTEM32\CRYPTBASE.dll
0x00007ff858a30000 - 0x00007ff858a6b000 	C:\WINDOWS\SYSTEM32\IPHLPAPI.DLL
0x00007ff85b700000 - 0x00007ff85b708000 	C:\WINDOWS\System32\NSI.dll
0x00007ff852900000 - 0x00007ff852917000 	C:\WINDOWS\SYSTEM32\dhcpcsvc6.DLL
0x00007ff8532a0000 - 0x00007ff8532bd000 	C:\WINDOWS\SYSTEM32\dhcpcsvc.DLL
0x00007ff858a80000 - 0x00007ff858b4a000 	C:\WINDOWS\SYSTEM32\DNSAPI.dll
0x00007ff835a10000 - 0x00007ff835a59000 	C:\Users\sonis\AppData\Local\Temp\jna-109620796\jna7105306538525058407.dll
0x00007ff85bf20000 - 0x00007ff85bf28000 	C:\WINDOWS\System32\PSAPI.DLL

dbghelp: loaded successfully - version: 4.0.5 - missing functions: none
symbol engine: initialized successfully - sym options: 0x614 - pdb path: .;c:\Users\sonis\.vscode\extensions\redhat.java-1.35.1-win32-x64\jre\17.0.12-win32-x86_64\bin;C:\WINDOWS\SYSTEM32;C:\WINDOWS\WinSxS\amd64_microsoft.windows.common-controls_6595b64144ccf1df_6.0.19041.4355_none_60b8b9eb71f62e16;c:\Users\sonis\.vscode\extensions\redhat.java-1.35.1-win32-x64\jre\17.0.12-win32-x86_64\bin\server;C:\Users\sonis\AppData\Roaming\Code\User\globalStorage\redhat.java\1.35.1\config_ss_win\org.eclipse.equinox.launcher\org.eclipse.equinox.launcher.win32.win32.x86_64_1.2.1100.v20240722-2106;C:\Users\sonis\AppData\Local\Temp\jna-109620796

VM Arguments:
jvm_args: --add-modules=ALL-SYSTEM --add-opens=java.base/java.util=ALL-UNNAMED --add-opens=java.base/java.lang=ALL-UNNAMED --add-opens=java.base/sun.nio.fs=ALL-UNNAMED -Declipse.application=org.eclipse.jdt.ls.core.id1 -Dosgi.bundles.defaultStartLevel=4 -Declipse.product=org.eclipse.jdt.ls.core.product -Djava.import.generatesMetadataFilesAtProjectRoot=false -DDetectVMInstallationsJob.disabled=true -Dfile.encoding=utf8 -XX:+UseParallelGC -XX:GCTimeRatio=4 -XX:AdaptiveSizePolicyWeight=90 -Dsun.zip.disableMemoryMapping=true -Xmx1G -Xms100m -Xlog:disable -javaagent:c:\Users\sonis\.vscode\extensions\redhat.java-1.35.1-win32-x64\lombok\lombok-1.18.33.jar 
java_command: c:\Users\sonis\.vscode\extensions\redhat.java-1.35.1-win32-x64\server\plugins\org.eclipse.equinox.launcher_1.6.900.v20240613-2009.jar -configuration c:\Users\sonis\AppData\Roaming\Code\User\globalStorage\redhat.java\1.35.1\config_ss_win -data c:\Users\sonis\AppData\Roaming\Code\User\workspaceStorage\4146088892da85ecb69cca26ea4ace0a\redhat.java\ss_ws --pipe=\\.\pipe\lsp-2847aec05eff719aa3a6e625bc112494-sock
java_class_path (initial): c:\Users\sonis\.vscode\extensions\redhat.java-1.35.1-win32-x64\server\plugins\org.eclipse.equinox.launcher_1.6.900.v20240613-2009.jar
Launcher Type: SUN_STANDARD

[Global flags]
    uintx AdaptiveSizePolicyWeight                 = 90                                        {product} {command line}
     intx CICompilerCount                          = 4                                         {product} {ergonomic}
    uintx GCTimeRatio                              = 4                                         {product} {command line}
   size_t InitialHeapSize                          = 104857600                                 {product} {command line}
   size_t MaxHeapSize                              = 1073741824                                {product} {command line}
   size_t MaxNewSize                               = 357564416                                 {product} {ergonomic}
   size_t MinHeapDeltaBytes                        = 524288                                    {product} {ergonomic}
   size_t MinHeapSize                              = 104857600                                 {product} {command line}
   size_t NewSize                                  = 34603008                                  {product} {ergonomic}
    uintx NonNMethodCodeHeapSize                   = 5839372                                {pd product} {ergonomic}
    uintx NonProfiledCodeHeapSize                  = 122909434                              {pd product} {ergonomic}
   size_t OldSize                                  = 70254592                                  {product} {ergonomic}
    uintx ProfiledCodeHeapSize                     = 122909434                              {pd product} {ergonomic}
    uintx ReservedCodeCacheSize                    = 251658240                              {pd product} {ergonomic}
     bool SegmentedCodeCache                       = true                                      {product} {ergonomic}
   size_t SoftMaxHeapSize                          = 1073741824                             {manageable} {ergonomic}
     bool UseCompressedClassPointers               = true                           {product lp64_product} {ergonomic}
     bool UseCompressedOops                        = true                           {product lp64_product} {ergonomic}
     bool UseLargePagesIndividualAllocation        = false                                  {pd product} {ergonomic}
     bool UseParallelGC                            = true                                      {product} {command line}

Logging:
Log output configuration:
 #0: stdout all=off uptime,level,tags
 #1: stderr all=off uptime,level,tags

Environment Variables:
PATH=C:\Program Files\Common Files\Oracle\Java\javapath;C:\Python312\Scripts\;C:\Python312\;C:\Program Files\Python310\Scripts\;C:\Program Files\Python310\;C:\Windows\system32;C:\Windows;C:\Windows\System32\Wbem;C:\Windows\System32\WindowsPowerShell\v1.0\;C:\Windows\System32\OpenSSH\;C:\Program Files (x86)\NVIDIA Corporation\PhysX\Common;C:\Program Files\NVIDIA Corporation\NVIDIA NvDLISR;C:\WINDOWS\system32;C:\WINDOWS;C:\WINDOWS\System32\Wbem;C:\WINDOWS\System32\WindowsPowerShell\v1.0\;C:\WINDOWS\System32\OpenSSH\;C:\Program Files\nodejs\;C:\ProgramData\chocolatey\bin;C:\Program Files\Git\cmd;C:\Users\sonis\AppData\Roaming\Python\Python312\Scripts;;c:\Users\sonis\AppData\Local\Programs\cursor\resources\app\bin;C:\Users\sonis\AppData\Local\Microsoft\WindowsApps;C:\Users\sonis\AppData\Local\Programs\Microsoft VS Code\bin;C:\MinGW\bin;C:\Users\sonis\AppData\Roaming\npm
USERNAME=sonis
OS=Windows_NT
PROCESSOR_IDENTIFIER=AMD64 Family 23 Model 96 Stepping 1, AuthenticAMD
TMP=C:\Users\sonis\AppData\Local\Temp
TEMP=C:\Users\sonis\AppData\Local\Temp



Periodic native trim disabled


---------------  S Y S T E M  ---------------

OS:
 Windows 10 , 64 bit Build 19041 (10.0.19041.4957)
OS uptime: 0 days 4:24 hours

CPU: total 12 (initial active 12) (12 cores per cpu, 2 threads per core) family 23 model 96 stepping 1 microcode 0x0, cx8, cmov, fxsr, ht, mmx, 3dnowpref, sse, sse2, sse3, ssse3, sse4a, sse4.1, sse4.2, popcnt, lzcnt, tsc, tscinvbit, avx, avx2, aes, clmul, bmi1, bmi2, adx, sha, fma, vzeroupper, clflush, clflushopt
Processor Information for all 12 processors :
  Max Mhz: 3000, Current Mhz: 3000, Mhz Limit: 3000

Memory: 4k page, system-wide physical 7549M (441M free)
TotalPageFile size 9597M (AvailPageFile size 78M)
current process WorkingSet (physical memory assigned to process): 127M, peak: 127M
current process commit charge ("private bytes"): 240M, peak: 240M

vm_info: OpenJDK 64-Bit Server VM (17.0.12+7) for windows-amd64 JRE (17.0.12+7), built on Jul 16 2024 22:08:24 by "admin" with MS VC++ 16.10 / 16.11 (VS2019)

END.
